This file contains any messages produced by compilers while
running configure, to aid debugging if configure makes a mistake.

It was created by GNU M4 configure 1.4.9, which was
generated by GNU Autoconf 2.61.  Invocation command line was

  $ ./configure 

## --------- ##
## Platform. ##
## --------- ##

hostname = ubuntu-Ravi
uname -m = x86_64
uname -r = 4.15.0-88-generic
uname -s = Linux
uname -v = #88-Ubuntu SMP Tue Feb 11 20:11:34 UTC 2020

/usr/bin/uname -p = unknown
/bin/uname -X     = unknown

/bin/arch              = unknown
/usr/bin/arch -k       = unknown
/usr/convex/getsysinfo = unknown
/usr/bin/hostinfo      = unknown
/bin/machine           = unknown
/usr/bin/oslevel       = unknown
/bin/universe          = unknown

PATH: /usr/local/sbin
PATH: /usr/local/bin
PATH: /usr/sbin
PATH: /usr/bin
PATH: /sbin
PATH: /bin
PATH: /snap/bin


## ----------- ##
## Core tests. ##
## ----------- ##

configure:1905: checking for a BSD-compatible install
configure:1961: result: /usr/bin/install -c
configure:1972: checking whether build environment is sane
configure:2015: result: yes
configure:2043: checking for a thread-safe mkdir -p
configure:2082: result: /bin/mkdir -p
configure:2095: checking for gawk
configure:2111: found /usr/bin/gawk
configure:2122: result: gawk
configure:2133: checking whether make sets $(MAKE)
configure:2154: result: yes
configure:2357: checking build system type
configure:2375: result: x86_64-unknown-linux-gnu
configure:2397: checking host system type
configure:2412: result: x86_64-unknown-linux-gnu
configure:2482: checking for gcc
configure:2498: found /usr/bin/gcc
configure:2509: result: gcc
configure:2747: checking for C compiler version
configure:2754: gcc --version >&5
gcc (Ubuntu 7.5.0-3ubuntu1~18.04) 7.5.0
Copyright (C) 2017 Free Software Foundation, Inc.
This is free software; see the source for copying conditions.  There is NO
warranty; not even for MERCHANTABILITY or FITNESS FOR A PARTICULAR PURPOSE.

configure:2757: $? = 0
configure:2764: gcc -v >&5
Using built-in specs.
COLLECT_GCC=gcc
COLLECT_LTO_WRAPPER=/usr/lib/gcc/x86_64-linux-gnu/7/lto-wrapper
OFFLOAD_TARGET_NAMES=nvptx-none
OFFLOAD_TARGET_DEFAULT=1
Target: x86_64-linux-gnu
Configured with: ../src/configure -v --with-pkgversion='Ubuntu 7.5.0-3ubuntu1~18.04' --with-bugurl=file:///usr/share/doc/gcc-7/README.Bugs --enable-languages=c,ada,c++,go,brig,d,fortran,objc,obj-c++ --prefix=/usr --with-gcc-major-version-only --program-suffix=-7 --program-prefix=x86_64-linux-gnu- --enable-shared --enable-linker-build-id --libexecdir=/usr/lib --without-included-gettext --enable-threads=posix --libdir=/usr/lib --enable-nls --enable-bootstrap --enable-clocale=gnu --enable-libstdcxx-debug --enable-libstdcxx-time=yes --with-default-libstdcxx-abi=new --enable-gnu-unique-object --disable-vtable-verify --enable-libmpx --enable-plugin --enable-default-pie --with-system-zlib --with-target-system-zlib --enable-objc-gc=auto --enable-multiarch --disable-werror --with-arch-32=i686 --with-abi=m64 --with-multilib-list=m32,m64,mx32 --enable-multilib --with-tune=generic --enable-offload-targets=nvptx-none --without-cuda-driver --enable-checking=release --build=x86_64-linux-gnu --host=x86_64-linux-gnu --target=x86_64-linux-gnu
Thread model: posix
gcc version 7.5.0 (Ubuntu 7.5.0-3ubuntu1~18.04) 
configure:2767: $? = 0
configure:2774: gcc -V >&5
gcc: error: unrecognized command line option '-V'
gcc: fatal error: no input files
compilation terminated.
configure:2777: $? = 1
configure:2800: checking for C compiler default output file name
configure:2827: gcc    conftest.c  >&5
configure:2830: $? = 0
configure:2868: result: a.out
configure:2885: checking whether the C compiler works
configure:2895: ./a.out
configure:2898: $? = 0
configure:2915: result: yes
configure:2922: checking whether we are cross compiling
configure:2924: result: no
configure:2927: checking for suffix of executables
configure:2934: gcc -o conftest    conftest.c  >&5
configure:2937: $? = 0
configure:2961: result: 
configure:2967: checking for suffix of object files
configure:2993: gcc -c   conftest.c >&5
configure:2996: $? = 0
configure:3019: result: o
configure:3023: checking whether we are using the GNU C compiler
configure:3052: gcc -c   conftest.c >&5
configure:3058: $? = 0
configure:3075: result: yes
configure:3080: checking whether gcc accepts -g
configure:3110: gcc -c -g  conftest.c >&5
configure:3116: $? = 0
configure:3215: result: yes
configure:3232: checking for gcc option to accept ISO C89
configure:3306: gcc  -c -g -O2  conftest.c >&5
configure:3312: $? = 0
configure:3335: result: none needed
configure:3364: checking for style of include used by make
configure:3392: result: GNU
configure:3417: checking dependency style of gcc
configure:3508: result: gcc3
configure:3566: checking for ranlib
configure:3582: found /usr/bin/ranlib
configure:3593: result: ranlib
configure:3631: checking how to run the C preprocessor
configure:3671: gcc -E  conftest.c
configure:3677: $? = 0
configure:3708: gcc -E  conftest.c
conftest.c:11:10: fatal error: ac_nonexistent.h: No such file or directory
 #include <ac_nonexistent.h>
          ^~~~~~~~~~~~~~~~~~
compilation terminated.
configure:3714: $? = 1
configure: failed program was:
| /* confdefs.h.  */
| #define PACKAGE_NAME "GNU M4"
| #define PACKAGE_TARNAME "m4"
| #define PACKAGE_VERSION "1.4.9"
| #define PACKAGE_STRING "GNU M4 1.4.9"
| #define PACKAGE_BUGREPORT "bug-m4@gnu.org"
| #define PACKAGE "m4"
| #define VERSION "1.4.9"
| #define _GNU_SOURCE 1
| /* end confdefs.h.  */
| #include <ac_nonexistent.h>
configure:3747: result: gcc -E
configure:3776: gcc -E  conftest.c
configure:3782: $? = 0
configure:3813: gcc -E  conftest.c
conftest.c:11:10: fatal error: ac_nonexistent.h: No such file or directory
 #include <ac_nonexistent.h>
          ^~~~~~~~~~~~~~~~~~
compilation terminated.
configure:3819: $? = 1
configure: failed program was:
| /* confdefs.h.  */
| #define PACKAGE_NAME "GNU M4"
| #define PACKAGE_TARNAME "m4"
| #define PACKAGE_VERSION "1.4.9"
| #define PACKAGE_STRING "GNU M4 1.4.9"
| #define PACKAGE_BUGREPORT "bug-m4@gnu.org"
| #define PACKAGE "m4"
| #define VERSION "1.4.9"
| #define _GNU_SOURCE 1
| /* end confdefs.h.  */
| #include <ac_nonexistent.h>
configure:3857: checking for grep that handles long lines and -e
configure:3931: result: /bin/grep
configure:3936: checking for egrep
configure:4014: result: /bin/grep -E
configure:4020: checking for AIX
configure:4042: result: no
configure:4048: checking for ANSI C header files
configure:4078: gcc -c -g -O2  conftest.c >&5
configure:4084: $? = 0
configure:4183: gcc -o conftest -g -O2   conftest.c  >&5
configure:4186: $? = 0
configure:4192: ./conftest
configure:4195: $? = 0
configure:4212: result: yes
configure:4236: checking for sys/types.h
configure:4257: gcc -c -g -O2  conftest.c >&5
configure:4263: $? = 0
configure:4279: result: yes
configure:4236: checking for sys/stat.h
configure:4257: gcc -c -g -O2  conftest.c >&5
configure:4263: $? = 0
configure:4279: result: yes
configure:4236: checking for stdlib.h
configure:4257: gcc -c -g -O2  conftest.c >&5
configure:4263: $? = 0
configure:4279: result: yes
configure:4236: checking for string.h
configure:4257: gcc -c -g -O2  conftest.c >&5
configure:4263: $? = 0
configure:4279: result: yes
configure:4236: checking for memory.h
configure:4257: gcc -c -g -O2  conftest.c >&5
configure:4263: $? = 0
configure:4279: result: yes
configure:4236: checking for strings.h
configure:4257: gcc -c -g -O2  conftest.c >&5
configure:4263: $? = 0
configure:4279: result: yes
configure:4236: checking for inttypes.h
configure:4257: gcc -c -g -O2  conftest.c >&5
configure:4263: $? = 0
configure:4279: result: yes
configure:4236: checking for stdint.h
configure:4257: gcc -c -g -O2  conftest.c >&5
configure:4263: $? = 0
configure:4279: result: yes
configure:4236: checking for unistd.h
configure:4257: gcc -c -g -O2  conftest.c >&5
configure:4263: $? = 0
configure:4279: result: yes
configure:4301: checking minix/config.h usability
configure:4318: gcc -c -g -O2  conftest.c >&5
conftest.c:54:10: fatal error: minix/config.h: No such file or directory
 #include <minix/config.h>
          ^~~~~~~~~~~~~~~~
compilation terminated.
configure:4324: $? = 1
configure: failed program was:
| /* confdefs.h.  */
| #define PACKAGE_NAME "GNU M4"
| #define PACKAGE_TARNAME "m4"
| #define PACKAGE_VERSION "1.4.9"
| #define PACKAGE_STRING "GNU M4 1.4.9"
| #define PACKAGE_BUGREPORT "bug-m4@gnu.org"
| #define PACKAGE "m4"
| #define VERSION "1.4.9"
| #define _GNU_SOURCE 1
| #define STDC_HEADERS 1
| #define HAVE_SYS_TYPES_H 1
| #define HAVE_SYS_STAT_H 1
| #define HAVE_STDLIB_H 1
| #define HAVE_STRING_H 1
| #define HAVE_MEMORY_H 1
| #define HAVE_STRINGS_H 1
| #define HAVE_INTTYPES_H 1
| #define HAVE_STDINT_H 1
| #define HAVE_UNISTD_H 1
| /* end confdefs.h.  */
| #include <stdio.h>
| #ifdef HAVE_SYS_TYPES_H
| # include <sys/types.h>
| #endif
| #ifdef HAVE_SYS_STAT_H
| # include <sys/stat.h>
| #endif
| #ifdef STDC_HEADERS
| # include <stdlib.h>
| # include <stddef.h>
| #else
| # ifdef HAVE_STDLIB_H
| #  include <stdlib.h>
| # endif
| #endif
| #ifdef HAVE_STRING_H
| # if !defined STDC_HEADERS && defined HAVE_MEMORY_H
| #  include <memory.h>
| # endif
| # include <string.h>
| #endif
| #ifdef HAVE_STRINGS_H
| # include <strings.h>
| #endif
| #ifdef HAVE_INTTYPES_H
| # include <inttypes.h>
| #endif
| #ifdef HAVE_STDINT_H
| # include <stdint.h>
| #endif
| #ifdef HAVE_UNISTD_H
| # include <unistd.h>
| #endif
| #include <minix/config.h>
configure:4338: result: no
configure:4342: checking minix/config.h presence
configure:4357: gcc -E  conftest.c
conftest.c:21:10: fatal error: minix/config.h: No such file or directory
 #include <minix/config.h>
          ^~~~~~~~~~~~~~~~
compilation terminated.
configure:4363: $? = 1
configure: failed program was:
| /* confdefs.h.  */
| #define PACKAGE_NAME "GNU M4"
| #define PACKAGE_TARNAME "m4"
| #define PACKAGE_VERSION "1.4.9"
| #define PACKAGE_STRING "GNU M4 1.4.9"
| #define PACKAGE_BUGREPORT "bug-m4@gnu.org"
| #define PACKAGE "m4"
| #define VERSION "1.4.9"
| #define _GNU_SOURCE 1
| #define STDC_HEADERS 1
| #define HAVE_SYS_TYPES_H 1
| #define HAVE_SYS_STAT_H 1
| #define HAVE_STDLIB_H 1
| #define HAVE_STRING_H 1
| #define HAVE_MEMORY_H 1
| #define HAVE_STRINGS_H 1
| #define HAVE_INTTYPES_H 1
| #define HAVE_STDINT_H 1
| #define HAVE_UNISTD_H 1
| /* end confdefs.h.  */
| #include <minix/config.h>
configure:4377: result: no
configure:4410: checking for minix/config.h
configure:4417: result: no
configure:4456: checking whether it is safe to define __EXTENSIONS__
configure:4484: gcc -c -g -O2  conftest.c >&5
configure:4490: $? = 0
configure:4505: result: yes
configure:4524: checking for gcc option to accept ISO C99
configure:4683: gcc  -c -g -O2  conftest.c >&5
configure:4689: $? = 0
configure:4712: result: none needed
configure:4849: checking for gcc option to accept ISO Standard C
configure:4858: result: none needed
configure:4879: checking for special C compiler options needed for large files
configure:4972: result: no
configure:4978: checking for _FILE_OFFSET_BITS value needed for large files
configure:5013: gcc -c -g -O2  conftest.c >&5
configure:5019: $? = 0
configure:5087: result: no
configure:5240: checking limits.h usability
configure:5257: gcc -c -g -O2  conftest.c >&5
configure:5263: $? = 0
configure:5277: result: yes
configure:5281: checking limits.h presence
configure:5296: gcc -E  conftest.c
configure:5302: $? = 0
configure:5316: result: yes
configure:5349: checking for limits.h
configure:5357: result: yes
configure:5240: checking siginfo.h usability
configure:5257: gcc -c -g -O2  conftest.c >&5
conftest.c:58:10: fatal error: siginfo.h: No such file or directory
 #include <siginfo.h>
          ^~~~~~~~~~~
compilation terminated.
configure:5263: $? = 1
configure: failed program was:
| /* confdefs.h.  */
| #define PACKAGE_NAME "GNU M4"
| #define PACKAGE_TARNAME "m4"
| #define PACKAGE_VERSION "1.4.9"
| #define PACKAGE_STRING "GNU M4 1.4.9"
| #define PACKAGE_BUGREPORT "bug-m4@gnu.org"
| #define PACKAGE "m4"
| #define VERSION "1.4.9"
| #define _GNU_SOURCE 1
| #define STDC_HEADERS 1
| #define HAVE_SYS_TYPES_H 1
| #define HAVE_SYS_STAT_H 1
| #define HAVE_STDLIB_H 1
| #define HAVE_STRING_H 1
| #define HAVE_MEMORY_H 1
| #define HAVE_STRINGS_H 1
| #define HAVE_INTTYPES_H 1
| #define HAVE_STDINT_H 1
| #define HAVE_UNISTD_H 1
| #define __EXTENSIONS__ 1
| #define _POSIX_PTHREAD_SEMANTICS 1
| #define _TANDEM_SOURCE 1
| #define HAVE_LIMITS_H 1
| /* end confdefs.h.  */
| #include <stdio.h>
| #ifdef HAVE_SYS_TYPES_H
| # include <sys/types.h>
| #endif
| #ifdef HAVE_SYS_STAT_H
| # include <sys/stat.h>
| #endif
| #ifdef STDC_HEADERS
| # include <stdlib.h>
| # include <stddef.h>
| #else
| # ifdef HAVE_STDLIB_H
| #  include <stdlib.h>
| # endif
| #endif
| #ifdef HAVE_STRING_H
| # if !defined STDC_HEADERS && defined HAVE_MEMORY_H
| #  include <memory.h>
| # endif
| # include <string.h>
| #endif
| #ifdef HAVE_STRINGS_H
| # include <strings.h>
| #endif
| #ifdef HAVE_INTTYPES_H
| # include <inttypes.h>
| #endif
| #ifdef HAVE_STDINT_H
| # include <stdint.h>
| #endif
| #ifdef HAVE_UNISTD_H
| # include <unistd.h>
| #endif
| #include <siginfo.h>
configure:5277: result: no
configure:5281: checking siginfo.h presence
configure:5296: gcc -E  conftest.c
conftest.c:25:10: fatal error: siginfo.h: No such file or directory
 #include <siginfo.h>
          ^~~~~~~~~~~
compilation terminated.
configure:5302: $? = 1
configure: failed program was:
| /* confdefs.h.  */
| #define PACKAGE_NAME "GNU M4"
| #define PACKAGE_TARNAME "m4"
| #define PACKAGE_VERSION "1.4.9"
| #define PACKAGE_STRING "GNU M4 1.4.9"
| #define PACKAGE_BUGREPORT "bug-m4@gnu.org"
| #define PACKAGE "m4"
| #define VERSION "1.4.9"
| #define _GNU_SOURCE 1
| #define STDC_HEADERS 1
| #define HAVE_SYS_TYPES_H 1
| #define HAVE_SYS_STAT_H 1
| #define HAVE_STDLIB_H 1
| #define HAVE_STRING_H 1
| #define HAVE_MEMORY_H 1
| #define HAVE_STRINGS_H 1
| #define HAVE_INTTYPES_H 1
| #define HAVE_STDINT_H 1
| #define HAVE_UNISTD_H 1
| #define __EXTENSIONS__ 1
| #define _POSIX_PTHREAD_SEMANTICS 1
| #define _TANDEM_SOURCE 1
| #define HAVE_LIMITS_H 1
| /* end confdefs.h.  */
| #include <siginfo.h>
configure:5316: result: no
configure:5349: checking for siginfo.h
configure:5357: result: no
configure:5240: checking sys/wait.h usability
configure:5257: gcc -c -g -O2  conftest.c >&5
configure:5263: $? = 0
configure:5277: result: yes
configure:5281: checking sys/wait.h presence
configure:5296: gcc -E  conftest.c
configure:5302: $? = 0
configure:5316: result: yes
configure:5349: checking for sys/wait.h
configure:5357: result: yes
configure:5230: checking for unistd.h
configure:5236: result: yes
configure:5240: checking stdio_ext.h usability
configure:5257: gcc -c -g -O2  conftest.c >&5
configure:5263: $? = 0
configure:5277: result: yes
configure:5281: checking stdio_ext.h presence
configure:5296: gcc -E  conftest.c
configure:5302: $? = 0
configure:5316: result: yes
configure:5349: checking for stdio_ext.h
configure:5357: result: yes
configure:5240: checking sys/time.h usability
configure:5257: gcc -c -g -O2  conftest.c >&5
configure:5263: $? = 0
configure:5277: result: yes
configure:5281: checking sys/time.h presence
configure:5296: gcc -E  conftest.c
configure:5302: $? = 0
configure:5316: result: yes
configure:5349: checking for sys/time.h
configure:5357: result: yes
configure:5240: checking sys/param.h usability
configure:5257: gcc -c -g -O2  conftest.c >&5
configure:5263: $? = 0
configure:5277: result: yes
configure:5281: checking sys/param.h presence
configure:5296: gcc -E  conftest.c
configure:5302: $? = 0
configure:5316: result: yes
configure:5349: checking for sys/param.h
configure:5357: result: yes
configure:5240: checking locale.h usability
configure:5257: gcc -c -g -O2  conftest.c >&5
configure:5263: $? = 0
configure:5277: result: yes
configure:5281: checking locale.h presence
configure:5296: gcc -E  conftest.c
configure:5302: $? = 0
configure:5316: result: yes
configure:5349: checking for locale.h
configure:5357: result: yes
configure:5230: checking for stdint.h
configure:5236: result: yes
configure:5230: checking for stdlib.h
configure:5236: result: yes
configure:5230: checking for sys/stat.h
configure:5236: result: yes
configure:5240: checking wchar.h usability
configure:5257: gcc -c -g -O2  conftest.c >&5
configure:5263: $? = 0
configure:5277: result: yes
configure:5281: checking wchar.h presence
configure:5296: gcc -E  conftest.c
configure:5302: $? = 0
configure:5316: result: yes
configure:5349: checking for wchar.h
configure:5357: result: yes
configure:5240: checking wctype.h usability
configure:5257: gcc -c -g -O2  conftest.c >&5
configure:5263: $? = 0
configure:5277: result: yes
configure:5281: checking wctype.h presence
configure:5296: gcc -E  conftest.c
configure:5302: $? = 0
configure:5316: result: yes
configure:5349: checking for wctype.h
configure:5357: result: yes
configure:5386: checking for siginfo_t
configure:5421: gcc -c -g -O2  conftest.c >&5
configure:5427: $? = 0
configure:5442: result: yes
configure:5453: checking for struct sigaction.sa_sigaction
configure:5483: gcc -c -g -O2  conftest.c >&5
configure:5489: $? = 0
configure:5548: result: yes
configure:5559: checking for stack_t.ss_sp
configure:5592: gcc -c -g -O2  conftest.c >&5
configure:5598: $? = 0
configure:5660: result: yes
configure:5672: checking return type of signal handlers
configure:5700: gcc -c -g -O2  conftest.c >&5
conftest.c: In function 'main':
conftest.c:45:10: error: void value not ignored as it ought to be
 return *(signal (0, 0)) (0) == 1;
         ~^~~~~~~~~~~~~~~~~~
configure:5706: $? = 1
configure: failed program was:
| /* confdefs.h.  */
| #define PACKAGE_NAME "GNU M4"
| #define PACKAGE_TARNAME "m4"
| #define PACKAGE_VERSION "1.4.9"
| #define PACKAGE_STRING "GNU M4 1.4.9"
| #define PACKAGE_BUGREPORT "bug-m4@gnu.org"
| #define PACKAGE "m4"
| #define VERSION "1.4.9"
| #define _GNU_SOURCE 1
| #define STDC_HEADERS 1
| #define HAVE_SYS_TYPES_H 1
| #define HAVE_SYS_STAT_H 1
| #define HAVE_STDLIB_H 1
| #define HAVE_STRING_H 1
| #define HAVE_MEMORY_H 1
| #define HAVE_STRINGS_H 1
| #define HAVE_INTTYPES_H 1
| #define HAVE_STDINT_H 1
| #define HAVE_UNISTD_H 1
| #define __EXTENSIONS__ 1
| #define _POSIX_PTHREAD_SEMANTICS 1
| #define _TANDEM_SOURCE 1
| #define HAVE_LIMITS_H 1
| #define HAVE_SYS_WAIT_H 1
| #define HAVE_UNISTD_H 1
| #define HAVE_STDIO_EXT_H 1
| #define HAVE_SYS_TIME_H 1
| #define HAVE_SYS_PARAM_H 1
| #define HAVE_LOCALE_H 1
| #define HAVE_STDINT_H 1
| #define HAVE_STDLIB_H 1
| #define HAVE_SYS_STAT_H 1
| #define HAVE_WCHAR_H 1
| #define HAVE_WCTYPE_H 1
| #define HAVE_SIGINFO_T 1
| #define HAVE_STRUCT_SIGACTION_SA_SIGACTION 1
| #define HAVE_STACK_T_SS_SP 1
| /* end confdefs.h.  */
| #include <sys/types.h>
| #include <signal.h>
| 
| int
| main ()
| {
| return *(signal (0, 0)) (0) == 1;
|   ;
|   return 0;
| }
configure:5721: result: void
configure:5729: checking for size_t
configure:5759: gcc -c -g -O2  conftest.c >&5
configure:5765: $? = 0
configure:5780: result: yes
configure:5800: checking for sigaction
configure:5856: gcc -o conftest -g -O2   conftest.c  >&5
configure:5862: $? = 0
configure:5880: result: yes
configure:5800: checking for sigaltstack
configure:5856: gcc -o conftest -g -O2   conftest.c  >&5
configure:5862: $? = 0
configure:5880: result: yes
configure:5800: checking for sigstack
configure:5856: gcc -o conftest -g -O2   conftest.c  >&5
/tmp/ccZgvRDs.o: In function `main':
/home/ravik/UbuntuVM/Google/Git/network-programming/headers/m4-1.4.9/conftest.c:76: warning: the `sigstack' function is dangerous.  `sigaltstack' should be used instead.
configure:5862: $? = 0
configure:5880: result: yes
configure:5800: checking for sigvec
configure:5856: gcc -o conftest -g -O2   conftest.c  >&5
/tmp/ccLkiSOB.o: In function `main':
/home/ravik/UbuntuVM/Google/Git/network-programming/headers/m4-1.4.9/conftest.c:77: undefined reference to `sigvec'
collect2: error: ld returned 1 exit status
configure:5862: $? = 1
configure: failed program was:
| /* confdefs.h.  */
| #define PACKAGE_NAME "GNU M4"
| #define PACKAGE_TARNAME "m4"
| #define PACKAGE_VERSION "1.4.9"
| #define PACKAGE_STRING "GNU M4 1.4.9"
| #define PACKAGE_BUGREPORT "bug-m4@gnu.org"
| #define PACKAGE "m4"
| #define VERSION "1.4.9"
| #define _GNU_SOURCE 1
| #define STDC_HEADERS 1
| #define HAVE_SYS_TYPES_H 1
| #define HAVE_SYS_STAT_H 1
| #define HAVE_STDLIB_H 1
| #define HAVE_STRING_H 1
| #define HAVE_MEMORY_H 1
| #define HAVE_STRINGS_H 1
| #define HAVE_INTTYPES_H 1
| #define HAVE_STDINT_H 1
| #define HAVE_UNISTD_H 1
| #define __EXTENSIONS__ 1
| #define _POSIX_PTHREAD_SEMANTICS 1
| #define _TANDEM_SOURCE 1
| #define HAVE_LIMITS_H 1
| #define HAVE_SYS_WAIT_H 1
| #define HAVE_UNISTD_H 1
| #define HAVE_STDIO_EXT_H 1
| #define HAVE_SYS_TIME_H 1
| #define HAVE_SYS_PARAM_H 1
| #define HAVE_LOCALE_H 1
| #define HAVE_STDINT_H 1
| #define HAVE_STDLIB_H 1
| #define HAVE_SYS_STAT_H 1
| #define HAVE_WCHAR_H 1
| #define HAVE_WCTYPE_H 1
| #define HAVE_SIGINFO_T 1
| #define HAVE_STRUCT_SIGACTION_SA_SIGACTION 1
| #define HAVE_STACK_T_SS_SP 1
| #define RETSIGTYPE void
| #define HAVE_SIGACTION 1
| #define HAVE_SIGALTSTACK 1
| #define HAVE_SIGSTACK 1
| /* end confdefs.h.  */
| /* Define sigvec to an innocuous variant, in case <limits.h> declares sigvec.
|    For example, HP-UX 11i <limits.h> declares gettimeofday.  */
| #define sigvec innocuous_sigvec
| 
| /* System header to define __stub macros and hopefully few prototypes,
|     which can conflict with char sigvec (); below.
|     Prefer <limits.h> to <assert.h> if __STDC__ is defined, since
|     <limits.h> exists even on freestanding compilers.  */
| 
| #ifdef __STDC__
| # include <limits.h>
| #else
| # include <assert.h>
| #endif
| 
| #undef sigvec
| 
| /* Override any GCC internal prototype to avoid an error.
|    Use char because int might match the return type of a GCC
|    builtin and then its argument prototype would still apply.  */
| #ifdef __cplusplus
| extern "C"
| #endif
| char sigvec ();
| /* The GNU C library defines this for functions which it implements
|     to always fail with ENOSYS.  Some functions are actually named
|     something starting with __ and the normal name is an alias.  */
| #if defined __stub_sigvec || defined __stub___sigvec
| choke me
| #endif
| 
| int
| main ()
| {
| return sigvec ();
|   ;
|   return 0;
| }
configure:5880: result: no
configure:5800: checking for strerror
configure:5856: gcc -o conftest -g -O2   conftest.c  >&5
configure:5862: $? = 0
configure:5880: result: yes
configure:5800: checking for raise
configure:5856: gcc -o conftest -g -O2   conftest.c  >&5
configure:5862: $? = 0
configure:5880: result: yes
configure:5800: checking for gettimeofday
configure:5856: gcc -o conftest -g -O2   conftest.c  >&5
configure:5862: $? = 0
configure:5880: result: yes
configure:5800: checking for mbsinit
configure:5856: gcc -o conftest -g -O2   conftest.c  >&5
configure:5862: $? = 0
configure:5880: result: yes
configure:5800: checking for iswctype
configure:5856: gcc -o conftest -g -O2   conftest.c  >&5
configure:5862: $? = 0
configure:5880: result: yes
configure:5800: checking for mbrtowc
configure:5856: gcc -o conftest -g -O2   conftest.c  >&5
configure:5862: $? = 0
configure:5880: result: yes
configure:5800: checking for wcrtomb
configure:5856: gcc -o conftest -g -O2   conftest.c  >&5
configure:5862: $? = 0
configure:5880: result: yes
configure:5800: checking for wcscoll
configure:5856: gcc -o conftest -g -O2   conftest.c  >&5
configure:5862: $? = 0
configure:5880: result: yes
configure:5800: checking for lstat
configure:5856: gcc -o conftest -g -O2   conftest.c  >&5
configure:5862: $? = 0
configure:5880: result: yes
configure:5800: checking for pipe
configure:5856: gcc -o conftest -g -O2   conftest.c  >&5
configure:5862: $? = 0
configure:5880: result: yes
configure:5800: checking for vasnprintf
configure:5856: gcc -o conftest -g -O2   conftest.c  >&5
/tmp/ccHr9bTi.o: In function `main':
/home/ravik/UbuntuVM/Google/Git/network-programming/headers/m4-1.4.9/conftest.c:87: undefined reference to `vasnprintf'
collect2: error: ld returned 1 exit status
configure:5862: $? = 1
configure: failed program was:
| /* confdefs.h.  */
| #define PACKAGE_NAME "GNU M4"
| #define PACKAGE_TARNAME "m4"
| #define PACKAGE_VERSION "1.4.9"
| #define PACKAGE_STRING "GNU M4 1.4.9"
| #define PACKAGE_BUGREPORT "bug-m4@gnu.org"
| #define PACKAGE "m4"
| #define VERSION "1.4.9"
| #define _GNU_SOURCE 1
| #define STDC_HEADERS 1
| #define HAVE_SYS_TYPES_H 1
| #define HAVE_SYS_STAT_H 1
| #define HAVE_STDLIB_H 1
| #define HAVE_STRING_H 1
| #define HAVE_MEMORY_H 1
| #define HAVE_STRINGS_H 1
| #define HAVE_INTTYPES_H 1
| #define HAVE_STDINT_H 1
| #define HAVE_UNISTD_H 1
| #define __EXTENSIONS__ 1
| #define _POSIX_PTHREAD_SEMANTICS 1
| #define _TANDEM_SOURCE 1
| #define HAVE_LIMITS_H 1
| #define HAVE_SYS_WAIT_H 1
| #define HAVE_UNISTD_H 1
| #define HAVE_STDIO_EXT_H 1
| #define HAVE_SYS_TIME_H 1
| #define HAVE_SYS_PARAM_H 1
| #define HAVE_LOCALE_H 1
| #define HAVE_STDINT_H 1
| #define HAVE_STDLIB_H 1
| #define HAVE_SYS_STAT_H 1
| #define HAVE_WCHAR_H 1
| #define HAVE_WCTYPE_H 1
| #define HAVE_SIGINFO_T 1
| #define HAVE_STRUCT_SIGACTION_SA_SIGACTION 1
| #define HAVE_STACK_T_SS_SP 1
| #define RETSIGTYPE void
| #define HAVE_SIGACTION 1
| #define HAVE_SIGALTSTACK 1
| #define HAVE_SIGSTACK 1
| #define HAVE_STRERROR 1
| #define HAVE_RAISE 1
| #define HAVE_GETTIMEOFDAY 1
| #define HAVE_MBSINIT 1
| #define HAVE_ISWCTYPE 1
| #define HAVE_MBRTOWC 1
| #define HAVE_WCRTOMB 1
| #define HAVE_WCSCOLL 1
| #define HAVE_LSTAT 1
| #define HAVE_PIPE 1
| /* end confdefs.h.  */
| /* Define vasnprintf to an innocuous variant, in case <limits.h> declares vasnprintf.
|    For example, HP-UX 11i <limits.h> declares gettimeofday.  */
| #define vasnprintf innocuous_vasnprintf
| 
| /* System header to define __stub macros and hopefully few prototypes,
|     which can conflict with char vasnprintf (); below.
|     Prefer <limits.h> to <assert.h> if __STDC__ is defined, since
|     <limits.h> exists even on freestanding compilers.  */
| 
| #ifdef __STDC__
| # include <limits.h>
| #else
| # include <assert.h>
| #endif
| 
| #undef vasnprintf
| 
| /* Override any GCC internal prototype to avoid an error.
|    Use char because int might match the return type of a GCC
|    builtin and then its argument prototype would still apply.  */
| #ifdef __cplusplus
| extern "C"
| #endif
| char vasnprintf ();
| /* The GNU C library defines this for functions which it implements
|     to always fail with ENOSYS.  Some functions are actually named
|     something starting with __ and the normal name is an alias.  */
| #if defined __stub_vasnprintf || defined __stub___vasnprintf
| choke me
| #endif
| 
| int
| main ()
| {
| return vasnprintf ();
|   ;
|   return 0;
| }
configure:5880: result: no
configure:5800: checking for iswcntrl
configure:5856: gcc -o conftest -g -O2   conftest.c  >&5
conftest.c:76:6: warning: conflicting types for built-in function 'iswcntrl' [-Wbuiltin-declaration-mismatch]
 char iswcntrl ();
      ^~~~~~~~
configure:5862: $? = 0
configure:5880: result: yes
configure:5919: checking for long long int
configure:5952: gcc -o conftest -g -O2   conftest.c  >&5
configure:5958: $? = 0
configure:6003: gcc -o conftest -g -O2   conftest.c  >&5
configure:6006: $? = 0
configure:6012: ./conftest
configure:6015: $? = 0
configure:6040: result: yes
configure:6051: checking for unsigned long long int
configure:6082: gcc -o conftest -g -O2   conftest.c  >&5
configure:6088: $? = 0
configure:6105: result: yes
configure:6127: checking for working alloca.h
configure:6154: gcc -o conftest -g -O2   conftest.c  >&5
configure:6160: $? = 0
configure:6177: result: yes
configure:6187: checking for alloca
configure:6234: gcc -o conftest -g -O2   conftest.c  >&5
configure:6240: $? = 0
configure:6257: result: yes
configure:6490: checking for stdlib.h
configure:6496: result: yes
configure:6630: checking for GNU libc compatible malloc
configure:6664: gcc -o conftest -g -O2   conftest.c  >&5
configure:6667: $? = 0
configure:6673: ./conftest
configure:6676: $? = 0
configure:6692: result: yes
configure:6708: checking for long double
configure:6764: result: yes
configure:6774: checking whether strerror_r is declared
configure:6803: gcc -c -g -O2  conftest.c >&5
configure:6809: $? = 0
configure:6824: result: yes
configure:6846: checking for strerror_r
configure:6902: gcc -o conftest -g -O2   conftest.c  >&5
configure:6908: $? = 0
configure:6926: result: yes
configure:6936: checking whether strerror_r returns char *
configure:6970: gcc -c -g -O2  conftest.c >&5
configure:6976: $? = 0
configure:7052: result: yes
configure:7063: checking for sig_atomic_t
configure:7094: gcc -c -g -O2  conftest.c >&5
configure:7100: $? = 0
configure:7115: result: yes
configure:7156: checking getopt.h usability
configure:7173: gcc -c -g -O2  conftest.c >&5
configure:7179: $? = 0
configure:7193: result: yes
configure:7197: checking getopt.h presence
configure:7212: gcc -E  conftest.c
configure:7218: $? = 0
configure:7232: result: yes
configure:7265: checking for getopt.h
configure:7273: result: yes
configure:7295: checking for getopt_long_only
configure:7351: gcc -o conftest -g -O2   conftest.c  >&5
configure:7357: $? = 0
configure:7375: result: yes
configure:7390: checking whether optreset is declared
configure:7420: gcc -c -g -O2  conftest.c >&5
conftest.c: In function 'main':
conftest.c:73:10: error: 'optreset' undeclared (first use in this function); did you mean 'optopt'?
   (void) optreset;
          ^~~~~~~~
          optopt
conftest.c:73:10: note: each undeclared identifier is reported only once for each function it appears in
configure:7426: $? = 1
configure: failed program was:
| /* confdefs.h.  */
| #define PACKAGE_NAME "GNU M4"
| #define PACKAGE_TARNAME "m4"
| #define PACKAGE_VERSION "1.4.9"
| #define PACKAGE_STRING "GNU M4 1.4.9"
| #define PACKAGE_BUGREPORT "bug-m4@gnu.org"
| #define PACKAGE "m4"
| #define VERSION "1.4.9"
| #define _GNU_SOURCE 1
| #define STDC_HEADERS 1
| #define HAVE_SYS_TYPES_H 1
| #define HAVE_SYS_STAT_H 1
| #define HAVE_STDLIB_H 1
| #define HAVE_STRING_H 1
| #define HAVE_MEMORY_H 1
| #define HAVE_STRINGS_H 1
| #define HAVE_INTTYPES_H 1
| #define HAVE_STDINT_H 1
| #define HAVE_UNISTD_H 1
| #define __EXTENSIONS__ 1
| #define _POSIX_PTHREAD_SEMANTICS 1
| #define _TANDEM_SOURCE 1
| #define HAVE_LIMITS_H 1
| #define HAVE_SYS_WAIT_H 1
| #define HAVE_UNISTD_H 1
| #define HAVE_STDIO_EXT_H 1
| #define HAVE_SYS_TIME_H 1
| #define HAVE_SYS_PARAM_H 1
| #define HAVE_LOCALE_H 1
| #define HAVE_STDINT_H 1
| #define HAVE_STDLIB_H 1
| #define HAVE_SYS_STAT_H 1
| #define HAVE_WCHAR_H 1
| #define HAVE_WCTYPE_H 1
| #define HAVE_SIGINFO_T 1
| #define HAVE_STRUCT_SIGACTION_SA_SIGACTION 1
| #define HAVE_STACK_T_SS_SP 1
| #define RETSIGTYPE void
| #define HAVE_SIGACTION 1
| #define HAVE_SIGALTSTACK 1
| #define HAVE_SIGSTACK 1
| #define HAVE_STRERROR 1
| #define HAVE_RAISE 1
| #define HAVE_GETTIMEOFDAY 1
| #define HAVE_MBSINIT 1
| #define HAVE_ISWCTYPE 1
| #define HAVE_MBRTOWC 1
| #define HAVE_WCRTOMB 1
| #define HAVE_WCSCOLL 1
| #define HAVE_LSTAT 1
| #define HAVE_PIPE 1
| #define HAVE_ISWCNTRL 1
| #define HAVE_LONG_LONG_INT 1
| #define HAVE_UNSIGNED_LONG_LONG_INT 1
| #define HAVE_ALLOCA_H 1
| #define HAVE_ALLOCA 1
| #define HAVE_STDLIB_H 1
| #define MALLOC_0_IS_NONNULL 1
| #define HAVE_LONG_DOUBLE 1
| #define HAVE_DECL_STRERROR_R 1
| #define HAVE_STRERROR_R 1
| #define STRERROR_R_CHAR_P 1
| #define HAVE_SIG_ATOMIC_T 1
| #define HAVE_GETOPT_H 1
| #define HAVE_GETOPT_LONG_ONLY 1
| /* end confdefs.h.  */
| #include <getopt.h>
| 
| int
| main ()
| {
| #ifndef optreset
|   (void) optreset;
| #endif
| 
|   ;
|   return 0;
| }
configure:7441: result: no
configure:7450: checking for working GNU getopt function
configure:7543: gcc -o conftest -g -O2   conftest.c  >&5
configure:7546: $? = 0
configure:7552: ./conftest
conftest: invalid option -- '+'
configure:7555: $? = 0
configure:7571: result: yes
configure:7578: checking whether getenv is declared
configure:7607: gcc -c -g -O2  conftest.c >&5
configure:7613: $? = 0
configure:7628: result: yes
configure:7646: checking for C/C++ restrict keyword
configure:7682: gcc -c -g -O2  conftest.c >&5
configure:7688: $? = 0
configure:7706: result: restrict
configure:7733: checking absolute name of <sys/time.h>
configure:7757: result: ///usr/include/x86_64-linux-gnu/sys/time.h
configure:7773: checking for struct timeval
configure:7803: gcc -c -g -O2  conftest.c >&5
configure:7809: $? = 0
configure:7824: result: yes
configure:7847: checking for inline
configure:7873: gcc -c -g -O2  conftest.c >&5
configure:7879: $? = 0
configure:7897: result: inline
configure:7917: checking for nl_langinfo and CODESET
configure:7943: gcc -o conftest -g -O2   conftest.c  >&5
configure:7949: $? = 0
configure:7967: result: yes
configure:7977: checking whether getc_unlocked is declared
configure:8006: gcc -c -g -O2  conftest.c >&5
configure:8012: $? = 0
configure:8027: result: yes
configure:8046: checking whether we are using the GNU C Library 2.1 or newer
configure:8077: result: yes
configure:8105: checking for stdbool.h that conforms to C99
configure:8198: gcc -c -g -O2  conftest.c >&5
configure:8204: $? = 0
configure:8219: result: yes
configure:8221: checking for _Bool
configure:8251: gcc -c -g -O2  conftest.c >&5
configure:8257: $? = 0
configure:8272: result: yes
configure:8296: checking whether stat file-mode macros are broken
configure:8333: gcc -c -g -O2  conftest.c >&5
configure:8339: $? = 0
configure:8354: result: no
configure:8384: checking whether clearerr_unlocked is declared
configure:8413: gcc -c -g -O2  conftest.c >&5
configure:8419: $? = 0
configure:8434: result: yes
configure:8452: checking whether feof_unlocked is declared
configure:8481: gcc -c -g -O2  conftest.c >&5
configure:8487: $? = 0
configure:8502: result: yes
configure:8520: checking whether ferror_unlocked is declared
configure:8549: gcc -c -g -O2  conftest.c >&5
configure:8555: $? = 0
configure:8570: result: yes
configure:8588: checking whether fflush_unlocked is declared
configure:8617: gcc -c -g -O2  conftest.c >&5
configure:8623: $? = 0
configure:8638: result: yes
configure:8656: checking whether fgets_unlocked is declared
configure:8685: gcc -c -g -O2  conftest.c >&5
configure:8691: $? = 0
configure:8706: result: yes
configure:8724: checking whether fputc_unlocked is declared
configure:8753: gcc -c -g -O2  conftest.c >&5
configure:8759: $? = 0
configure:8774: result: yes
configure:8792: checking whether fputs_unlocked is declared
configure:8821: gcc -c -g -O2  conftest.c >&5
configure:8827: $? = 0
configure:8842: result: yes
configure:8860: checking whether fread_unlocked is declared
configure:8889: gcc -c -g -O2  conftest.c >&5
configure:8895: $? = 0
configure:8910: result: yes
configure:8928: checking whether fwrite_unlocked is declared
configure:8957: gcc -c -g -O2  conftest.c >&5
configure:8963: $? = 0
configure:8978: result: yes
configure:8996: checking whether getchar_unlocked is declared
configure:9025: gcc -c -g -O2  conftest.c >&5
configure:9031: $? = 0
configure:9046: result: yes
configure:9064: checking whether putc_unlocked is declared
configure:9093: gcc -c -g -O2  conftest.c >&5
configure:9099: $? = 0
configure:9114: result: yes
configure:9132: checking whether putchar_unlocked is declared
configure:9161: gcc -c -g -O2  conftest.c >&5
configure:9167: $? = 0
configure:9182: result: yes
configure:9202: checking for EOVERFLOW
configure:9600: result: yes
configure:9615: checking for wchar_t
configure:9642: gcc -c -g -O2  conftest.c >&5
configure:9648: $? = 0
configure:9663: result: yes
configure:9674: checking for wint_t
configure:9709: gcc -c -g -O2  conftest.c >&5
configure:9715: $? = 0
configure:9730: result: yes
configure:9741: checking for inttypes.h
configure:9768: gcc -c -g -O2  conftest.c >&5
configure:9774: $? = 0
configure:9789: result: yes
configure:9800: checking for stdint.h
configure:9827: gcc -c -g -O2  conftest.c >&5
configure:9833: $? = 0
configure:9848: result: yes
configure:9872: checking for intmax_t
configure:9907: gcc -c -g -O2  conftest.c >&5
configure:9913: $? = 0
configure:9928: result: yes
configure:9981: checking for alloca as a compiler built-in
configure:10009: result: yes
configure:10064: checking for error_at_line
configure:10090: gcc -o conftest -g -O2   conftest.c  >&5
configure:10096: $? = 0
configure:10113: result: yes
configure:10147: checking for sigaction
configure:10227: result: yes
configure:10259: checking for __fpending
configure:10315: gcc -o conftest -g -O2   conftest.c  >&5
configure:10321: $? = 0
configure:10339: result: yes
configure:10357: checking whether __fpending is declared
configure:10387: gcc -c -g -O2  conftest.c >&5
configure:10393: $? = 0
configure:10408: result: yes
configure:10523: checking whether free (NULL) is known to work
configure:10553: gcc -c -g -O2  conftest.c >&5
configure:10559: $? = 0
configure:10574: result: yes
configure:10621: checking for gettimeofday with POSIX signature
configure:10653: gcc -c -g -O2  conftest.c >&5
conftest.c: In function 'main':
conftest.c:106:60: warning: initialization from incompatible pointer type [-Wincompatible-pointer-types]
      int (*f) (struct timeval *restrict, void *restrict) = gettimeofday;
                                                            ^~~~~~~~~~~~
configure:10659: $? = 0
configure:10674: result: yes
configure:10680: checking whether gettimeofday clobbers localtime buffer
configure:10722: gcc -o conftest -g -O2   conftest.c  >&5
configure:10725: $? = 0
configure:10731: ./conftest
configure:10734: $? = 0
configure:10750: result: no
configure:11269: checking whether the compiler generally respects inline
configure:11300: gcc -c -g -O2  conftest.c >&5
configure:11306: $? = 0
configure:11323: result: yes
configure:11351: checking for stdlib.h
configure:11357: result: yes
configure:11491: checking for GNU libc compatible malloc
configure:11553: result: yes
configure:11582: checking for mkdtemp
configure:11638: gcc -o conftest -g -O2   conftest.c  >&5
configure:11644: $? = 0
configure:11662: result: yes
configure:11688: checking for working mkstemp
configure:11732: gcc -o conftest -g -O2   conftest.c  >&5
configure:11735: $? = 0
configure:11741: ./conftest
configure:11744: $? = 0
configure:11762: result: yes
configure:11776: checking for obstacks
configure:11807: gcc -o conftest -g -O2   conftest.c  >&5
configure:11813: $? = 0
configure:11830: result: yes
configure:11862: checking for mbstate_t
configure:11889: gcc -c -g -O2  conftest.c >&5
configure:11895: $? = 0
configure:11910: result: yes
configure:11926: checking whether mbrtowc and mbstate_t are properly declared
configure:11956: gcc -o conftest -g -O2   conftest.c  >&5
configure:11962: $? = 0
configure:11979: result: yes
configure:12013: checking for working re_compile_pattern
configure:12153: gcc -o conftest -g -O2   conftest.c  >&5
configure:12156: $? = 0
configure:12162: ./conftest
configure:12165: $? = 1
configure: program exited with status 1
configure: failed program was:
| /* confdefs.h.  */
| #define PACKAGE_NAME "GNU M4"
| #define PACKAGE_TARNAME "m4"
| #define PACKAGE_VERSION "1.4.9"
| #define PACKAGE_STRING "GNU M4 1.4.9"
| #define PACKAGE_BUGREPORT "bug-m4@gnu.org"
| #define PACKAGE "m4"
| #define VERSION "1.4.9"
| #define _GNU_SOURCE 1
| #define STDC_HEADERS 1
| #define HAVE_SYS_TYPES_H 1
| #define HAVE_SYS_STAT_H 1
| #define HAVE_STDLIB_H 1
| #define HAVE_STRING_H 1
| #define HAVE_MEMORY_H 1
| #define HAVE_STRINGS_H 1
| #define HAVE_INTTYPES_H 1
| #define HAVE_STDINT_H 1
| #define HAVE_UNISTD_H 1
| #define __EXTENSIONS__ 1
| #define _POSIX_PTHREAD_SEMANTICS 1
| #define _TANDEM_SOURCE 1
| #define HAVE_LIMITS_H 1
| #define HAVE_SYS_WAIT_H 1
| #define HAVE_UNISTD_H 1
| #define HAVE_STDIO_EXT_H 1
| #define HAVE_SYS_TIME_H 1
| #define HAVE_SYS_PARAM_H 1
| #define HAVE_LOCALE_H 1
| #define HAVE_STDINT_H 1
| #define HAVE_STDLIB_H 1
| #define HAVE_SYS_STAT_H 1
| #define HAVE_WCHAR_H 1
| #define HAVE_WCTYPE_H 1
| #define HAVE_SIGINFO_T 1
| #define HAVE_STRUCT_SIGACTION_SA_SIGACTION 1
| #define HAVE_STACK_T_SS_SP 1
| #define RETSIGTYPE void
| #define HAVE_SIGACTION 1
| #define HAVE_SIGALTSTACK 1
| #define HAVE_SIGSTACK 1
| #define HAVE_STRERROR 1
| #define HAVE_RAISE 1
| #define HAVE_GETTIMEOFDAY 1
| #define HAVE_MBSINIT 1
| #define HAVE_ISWCTYPE 1
| #define HAVE_MBRTOWC 1
| #define HAVE_WCRTOMB 1
| #define HAVE_WCSCOLL 1
| #define HAVE_LSTAT 1
| #define HAVE_PIPE 1
| #define HAVE_ISWCNTRL 1
| #define HAVE_LONG_LONG_INT 1
| #define HAVE_UNSIGNED_LONG_LONG_INT 1
| #define HAVE_ALLOCA_H 1
| #define HAVE_ALLOCA 1
| #define HAVE_STDLIB_H 1
| #define MALLOC_0_IS_NONNULL 1
| #define HAVE_LONG_DOUBLE 1
| #define HAVE_DECL_STRERROR_R 1
| #define HAVE_STRERROR_R 1
| #define STRERROR_R_CHAR_P 1
| #define HAVE_SIG_ATOMIC_T 1
| #define HAVE_GETOPT_H 1
| #define HAVE_GETOPT_LONG_ONLY 1
| #define HAVE_DECL_GETENV 1
| #define ABSOLUTE_SYS_TIME_H "///usr/include/x86_64-linux-gnu/sys/time.h"
| #define HAVE_LANGINFO_CODESET 1
| #define HAVE_DECL_GETC_UNLOCKED 1
| #define HAVE__BOOL 1
| #define HAVE_STDBOOL_H 1
| #define HAVE_DECL_CLEARERR_UNLOCKED 1
| #define HAVE_DECL_FEOF_UNLOCKED 1
| #define HAVE_DECL_FERROR_UNLOCKED 1
| #define HAVE_DECL_FFLUSH_UNLOCKED 1
| #define HAVE_DECL_FGETS_UNLOCKED 1
| #define HAVE_DECL_FPUTC_UNLOCKED 1
| #define HAVE_DECL_FPUTS_UNLOCKED 1
| #define HAVE_DECL_FREAD_UNLOCKED 1
| #define HAVE_DECL_FWRITE_UNLOCKED 1
| #define HAVE_DECL_GETCHAR_UNLOCKED 1
| #define HAVE_DECL_PUTC_UNLOCKED 1
| #define HAVE_DECL_PUTCHAR_UNLOCKED 1
| #define HAVE_WCHAR_T 1
| #define HAVE_WINT_T 1
| #define HAVE_INTTYPES_H_WITH_UINTMAX 1
| #define HAVE_STDINT_H_WITH_UINTMAX 1
| #define HAVE_LONG_LONG 1
| #define HAVE_INTMAX_T 1
| #define HAVE_ALLOCA 1
| #define HAVE_ALLOCA_H 1
| #define SIGNAL_SAFE_LIST 1
| #define GNULIB_CLOSE_STREAM 1
| #define HAVE_SIGACTION 1
| #define GNULIB_FOPEN_SAFER 1
| #define HAVE___FPENDING 1
| #define HAVE_DECL___FPENDING 1
| #define HAVE_INLINE 1
| #define HAVE_STDLIB_H 1
| #define HAVE_MALLOC 1
| #define HAVE_MKDTEMP 1
| #define HAVE_OBSTACK 1
| #define HAVE_MBSTATE_T 1
| #define HAVE_MBRTOWC 1
| /* end confdefs.h.  */
| #include <stdio.h>
| #ifdef HAVE_SYS_TYPES_H
| # include <sys/types.h>
| #endif
| #ifdef HAVE_SYS_STAT_H
| # include <sys/stat.h>
| #endif
| #ifdef STDC_HEADERS
| # include <stdlib.h>
| # include <stddef.h>
| #else
| # ifdef HAVE_STDLIB_H
| #  include <stdlib.h>
| # endif
| #endif
| #ifdef HAVE_STRING_H
| # if !defined STDC_HEADERS && defined HAVE_MEMORY_H
| #  include <memory.h>
| # endif
| # include <string.h>
| #endif
| #ifdef HAVE_STRINGS_H
| # include <strings.h>
| #endif
| #ifdef HAVE_INTTYPES_H
| # include <inttypes.h>
| #endif
| #ifdef HAVE_STDINT_H
| # include <stdint.h>
| #endif
| #ifdef HAVE_UNISTD_H
| # include <unistd.h>
| #endif
| 	   #if HAVE_LOCALE_H
| 	    #include <locale.h>
| 	   #endif
| 	   #include <limits.h>
| 	   #include <regex.h>
| 
| int
| main ()
| {
| static struct re_pattern_buffer regex;
| 	    unsigned char folded_chars[UCHAR_MAX + 1];
| 	    int i;
| 	    const char *s;
| 	    struct re_registers regs;
| 
| 	    #if HAVE_LOCALE_H
| 	      /* http://sourceware.org/ml/libc-hacker/2006-09/msg00008.html
| 		 This test needs valgrind to catch the bug on Debian
| 		 GNU/Linux 3.1 x86, but it might catch the bug better
| 		 on other platforms and it shouldn't hurt to try the
| 		 test here.  */
| 	      if (setlocale (LC_ALL, "en_US.UTF-8"))
| 		{
| 		  static char const pat[] = "insert into";
| 		  static char const data[] =
| 		    "\xFF\0\x12\xA2\xAA\xC4\xB1,K\x12\xC4\xB1*\xACK";
| 		  re_set_syntax (RE_SYNTAX_GREP | RE_HAT_LISTS_NOT_NEWLINE
| 				 | RE_ICASE);
| 		  memset (&regex, 0, sizeof regex);
| 		  s = re_compile_pattern (pat, sizeof pat - 1, &regex);
| 		  if (s)
| 		    return 1;
| 		  if (re_search (&regex, data, sizeof data - 1,
| 				 0, sizeof data - 1, &regs)
| 		      != -1)
| 		    return 1;
| 		  if (! setlocale (LC_ALL, "C"))
| 		    return 1;
| 		}
| 	    #endif
| 
| 	    /* This test is from glibc bug 3957, reported by Andrew Mackey.  */
| 	    re_set_syntax (RE_SYNTAX_EGREP | RE_HAT_LISTS_NOT_NEWLINE);
| 	    memset (&regex, 0, sizeof regex);
| 	    s = re_compile_pattern ("a[^x]b", 6, &regex);
| 	    if (s)
| 	      return 1;
| 
| 	    /* This should fail, but succeeds for glibc-2.5.  */
| 	    if (re_search (&regex, "a\nb", 3, 0, 3, &regs) != -1)
| 	      return 1;
| 
| 	    /* This regular expression is from Spencer ere test number 75
| 	       in grep-2.3.  */
| 	    re_set_syntax (RE_SYNTAX_POSIX_EGREP);
| 	    memset (&regex, 0, sizeof regex);
| 	    for (i = 0; i <= UCHAR_MAX; i++)
| 	      folded_chars[i] = i;
| 	    regex.translate = folded_chars;
| 	    s = re_compile_pattern ("a[[:]:]]b\n", 11, &regex);
| 	    /* This should fail with _Invalid character class name_ error.  */
| 	    if (!s)
| 	      return 1;
| 
| 	    /* This should succeed, but does not for glibc-2.1.3.  */
| 	    memset (&regex, 0, sizeof regex);
| 	    s = re_compile_pattern ("{1", 2, &regex);
| 
| 	    if (s)
| 	      return 1;
| 
| 	    /* The following example is derived from a problem report
| 	       against gawk from Jorge Stolfi <stolfi@ic.unicamp.br>.  */
| 	    memset (&regex, 0, sizeof regex);
| 	    s = re_compile_pattern ("[an\371]*n", 7, &regex);
| 	    if (s)
| 	      return 1;
| 
| 	    /* This should match, but does not for glibc-2.2.1.  */
| 	    if (re_match (&regex, "an", 2, 0, &regs) != 2)
| 	      return 1;
| 
| 	    memset (&regex, 0, sizeof regex);
| 	    s = re_compile_pattern ("x", 1, &regex);
| 	    if (s)
| 	      return 1;
| 
| 	    /* glibc-2.2.93 does not work with a negative RANGE argument.  */
| 	    if (re_search (&regex, "wxy", 3, 2, -2, &regs) != 1)
| 	      return 1;
| 
| 	    /* The version of regex.c in older versions of gnulib
| 	       ignored RE_ICASE.  Detect that problem too.  */
| 	    re_set_syntax (RE_SYNTAX_EMACS | RE_ICASE);
| 	    memset (&regex, 0, sizeof regex);
| 	    s = re_compile_pattern ("x", 1, &regex);
| 	    if (s)
| 	      return 1;
| 
| 	    if (re_search (&regex, "WXY", 3, 0, 3, &regs) < 0)
| 	      return 1;
| 
| 	    /* REG_STARTEND was added to glibc on 2004-01-15.
| 	       Reject older versions.  */
| 	    if (! REG_STARTEND)
| 	      return 1;
| 
| 	    /* Reject hosts whose regoff_t values are too narrow.
| 	       These include glibc 2.3.5 on hosts with 64-bit ptrdiff_t
| 	       and 32-bit int.  */
| 	    if (sizeof (regoff_t) < sizeof (ptrdiff_t)
| 		|| sizeof (regoff_t) < sizeof (ssize_t))
| 	      return 1;
| 
| 	    return 0;
|   ;
|   return 0;
| }
configure:12181: result: no
configure:12291: checking whether isblank is declared
configure:12321: gcc -c -g -O2  conftest.c >&5
configure:12327: $? = 0
configure:12342: result: yes
configure:12383: checking for sigprocmask
configure:12439: gcc -o conftest -g -O2   conftest.c  >&5
configure:12445: $? = 0
configure:12462: result: yes
configure:12567: checking for stdint.h
configure:12573: result: yes
configure:12707: checking for SIZE_MAX
configure:13420: result: yes
configure:13431: checking for ssize_t
configure:13458: gcc -c -g -O2  conftest.c >&5
configure:13464: $? = 0
configure:13479: result: yes
configure:13490: checking for va_copy
configure:13521: gcc -c -g -O2  conftest.c >&5
configure:13527: $? = 0
configure:13543: result: yes
configure:13666: checking absolute name of <stdint.h>
configure:13690: result: ///usr/lib/gcc/x86_64-linux-gnu/7/include/stdint.h
configure:13707: checking whether stdint.h conforms to C99
configure:13849: gcc -c -g -O2  conftest.c >&5
configure:13855: $? = 0
configure:13870: result: yes
configure:14621: checking absolute name of <stdlib.h>
configure:14645: result: ///usr/include/stdlib.h
configure:14663: checking for strtol
configure:14719: gcc -o conftest -g -O2   conftest.c  >&5
configure:14725: $? = 0
configure:14743: result: yes
configure:14764: checking whether mkdir is declared
configure:14794: gcc -c -g -O2  conftest.c >&5
configure:14800: $? = 0
configure:14815: result: yes
configure:14981: checking absolute name of <sys/stat.h>
configure:15005: result: ///usr/include/x86_64-linux-gnu/sys/stat.h
configure:15017: checking for a thread-safe mkdir -p
configure:15056: result: /bin/mkdir -p
configure:15062: checking for a thread-safe mkdir -p
configure:15101: result: /bin/mkdir -p
configure:15117: checking for __secure_getenv
configure:15173: gcc -o conftest -g -O2   conftest.c  >&5
/tmp/cci9xlKJ.o: In function `main':
/home/ravik/UbuntuVM/Google/Git/network-programming/headers/m4-1.4.9/conftest.c:164: undefined reference to `__secure_getenv'
collect2: error: ld returned 1 exit status
configure:15179: $? = 1
configure: failed program was:
| /* confdefs.h.  */
| #define PACKAGE_NAME "GNU M4"
| #define PACKAGE_TARNAME "m4"
| #define PACKAGE_VERSION "1.4.9"
| #define PACKAGE_STRING "GNU M4 1.4.9"
| #define PACKAGE_BUGREPORT "bug-m4@gnu.org"
| #define PACKAGE "m4"
| #define VERSION "1.4.9"
| #define _GNU_SOURCE 1
| #define STDC_HEADERS 1
| #define HAVE_SYS_TYPES_H 1
| #define HAVE_SYS_STAT_H 1
| #define HAVE_STDLIB_H 1
| #define HAVE_STRING_H 1
| #define HAVE_MEMORY_H 1
| #define HAVE_STRINGS_H 1
| #define HAVE_INTTYPES_H 1
| #define HAVE_STDINT_H 1
| #define HAVE_UNISTD_H 1
| #define __EXTENSIONS__ 1
| #define _POSIX_PTHREAD_SEMANTICS 1
| #define _TANDEM_SOURCE 1
| #define HAVE_LIMITS_H 1
| #define HAVE_SYS_WAIT_H 1
| #define HAVE_UNISTD_H 1
| #define HAVE_STDIO_EXT_H 1
| #define HAVE_SYS_TIME_H 1
| #define HAVE_SYS_PARAM_H 1
| #define HAVE_LOCALE_H 1
| #define HAVE_STDINT_H 1
| #define HAVE_STDLIB_H 1
| #define HAVE_SYS_STAT_H 1
| #define HAVE_WCHAR_H 1
| #define HAVE_WCTYPE_H 1
| #define HAVE_SIGINFO_T 1
| #define HAVE_STRUCT_SIGACTION_SA_SIGACTION 1
| #define HAVE_STACK_T_SS_SP 1
| #define RETSIGTYPE void
| #define HAVE_SIGACTION 1
| #define HAVE_SIGALTSTACK 1
| #define HAVE_SIGSTACK 1
| #define HAVE_STRERROR 1
| #define HAVE_RAISE 1
| #define HAVE_GETTIMEOFDAY 1
| #define HAVE_MBSINIT 1
| #define HAVE_ISWCTYPE 1
| #define HAVE_MBRTOWC 1
| #define HAVE_WCRTOMB 1
| #define HAVE_WCSCOLL 1
| #define HAVE_LSTAT 1
| #define HAVE_PIPE 1
| #define HAVE_ISWCNTRL 1
| #define HAVE_LONG_LONG_INT 1
| #define HAVE_UNSIGNED_LONG_LONG_INT 1
| #define HAVE_ALLOCA_H 1
| #define HAVE_ALLOCA 1
| #define HAVE_STDLIB_H 1
| #define MALLOC_0_IS_NONNULL 1
| #define HAVE_LONG_DOUBLE 1
| #define HAVE_DECL_STRERROR_R 1
| #define HAVE_STRERROR_R 1
| #define STRERROR_R_CHAR_P 1
| #define HAVE_SIG_ATOMIC_T 1
| #define HAVE_GETOPT_H 1
| #define HAVE_GETOPT_LONG_ONLY 1
| #define HAVE_DECL_GETENV 1
| #define ABSOLUTE_SYS_TIME_H "///usr/include/x86_64-linux-gnu/sys/time.h"
| #define HAVE_LANGINFO_CODESET 1
| #define HAVE_DECL_GETC_UNLOCKED 1
| #define HAVE__BOOL 1
| #define HAVE_STDBOOL_H 1
| #define HAVE_DECL_CLEARERR_UNLOCKED 1
| #define HAVE_DECL_FEOF_UNLOCKED 1
| #define HAVE_DECL_FERROR_UNLOCKED 1
| #define HAVE_DECL_FFLUSH_UNLOCKED 1
| #define HAVE_DECL_FGETS_UNLOCKED 1
| #define HAVE_DECL_FPUTC_UNLOCKED 1
| #define HAVE_DECL_FPUTS_UNLOCKED 1
| #define HAVE_DECL_FREAD_UNLOCKED 1
| #define HAVE_DECL_FWRITE_UNLOCKED 1
| #define HAVE_DECL_GETCHAR_UNLOCKED 1
| #define HAVE_DECL_PUTC_UNLOCKED 1
| #define HAVE_DECL_PUTCHAR_UNLOCKED 1
| #define HAVE_WCHAR_T 1
| #define HAVE_WINT_T 1
| #define HAVE_INTTYPES_H_WITH_UINTMAX 1
| #define HAVE_STDINT_H_WITH_UINTMAX 1
| #define HAVE_LONG_LONG 1
| #define HAVE_INTMAX_T 1
| #define HAVE_ALLOCA 1
| #define HAVE_ALLOCA_H 1
| #define SIGNAL_SAFE_LIST 1
| #define GNULIB_CLOSE_STREAM 1
| #define HAVE_SIGACTION 1
| #define GNULIB_FOPEN_SAFER 1
| #define HAVE___FPENDING 1
| #define HAVE_DECL___FPENDING 1
| #define HAVE_INLINE 1
| #define HAVE_STDLIB_H 1
| #define HAVE_MALLOC 1
| #define HAVE_MKDTEMP 1
| #define HAVE_OBSTACK 1
| #define HAVE_MBSTATE_T 1
| #define HAVE_MBRTOWC 1
| #define _REGEX_LARGE_OFFSETS 1
| #define re_syntax_options rpl_re_syntax_options
| #define re_set_syntax rpl_re_set_syntax
| #define re_compile_pattern rpl_re_compile_pattern
| #define re_compile_fastmap rpl_re_compile_fastmap
| #define re_search rpl_re_search
| #define re_search_2 rpl_re_search_2
| #define re_match rpl_re_match
| #define re_match_2 rpl_re_match_2
| #define re_set_registers rpl_re_set_registers
| #define re_comp rpl_re_comp
| #define re_exec rpl_re_exec
| #define regcomp rpl_regcomp
| #define regexec rpl_regexec
| #define regerror rpl_regerror
| #define regfree rpl_regfree
| #define HAVE_DECL_ISBLANK 1
| #define HAVE_POSIX_SIGNALBLOCKING 1
| #define HAVE_STDINT_H 1
| #define ABSOLUTE_STDINT_H "///usr/lib/gcc/x86_64-linux-gnu/7/include/stdint.h"
| #define ABSOLUTE_STDLIB_H "///usr/include/stdlib.h"
| #define HAVE_STRTOL 1
| #define HAVE_DECL_MKDIR 1
| #define ABSOLUTE_SYS_STAT_H "///usr/include/x86_64-linux-gnu/sys/stat.h"
| /* end confdefs.h.  */
| /* Define __secure_getenv to an innocuous variant, in case <limits.h> declares __secure_getenv.
|    For example, HP-UX 11i <limits.h> declares gettimeofday.  */
| #define __secure_getenv innocuous___secure_getenv
| 
| /* System header to define __stub macros and hopefully few prototypes,
|     which can conflict with char __secure_getenv (); below.
|     Prefer <limits.h> to <assert.h> if __STDC__ is defined, since
|     <limits.h> exists even on freestanding compilers.  */
| 
| #ifdef __STDC__
| # include <limits.h>
| #else
| # include <assert.h>
| #endif
| 
| #undef __secure_getenv
| 
| /* Override any GCC internal prototype to avoid an error.
|    Use char because int might match the return type of a GCC
|    builtin and then its argument prototype would still apply.  */
| #ifdef __cplusplus
| extern "C"
| #endif
| char __secure_getenv ();
| /* The GNU C library defines this for functions which it implements
|     to always fail with ENOSYS.  Some functions are actually named
|     something starting with __ and the normal name is an alias.  */
| #if defined __stub___secure_getenv || defined __stub_____secure_getenv
| choke me
| #endif
| 
| int
| main ()
| {
| return __secure_getenv ();
|   ;
|   return 0;
| }
configure:15197: result: no
configure:15219: checking absolute name of <unistd.h>
configure:15243: result: ///usr/include/unistd.h
configure:15369: checking for ptrdiff_t
configure:15399: gcc -c -g -O2  conftest.c >&5
configure:15405: $? = 0
configure:15420: result: yes
configure:15444: checking for snprintf
configure:15500: gcc -o conftest -g -O2   conftest.c  >&5
conftest.c:156:6: warning: conflicting types for built-in function 'snprintf' [-Wbuiltin-declaration-mismatch]
 char snprintf ();
      ^~~~~~~~
configure:15506: $? = 0
configure:15524: result: yes
configure:15444: checking for wcslen
configure:15500: gcc -o conftest -g -O2   conftest.c  >&5
configure:15506: $? = 0
configure:15524: result: yes
configure:15545: checking for vasprintf
configure:15601: gcc -o conftest -g -O2   conftest.c  >&5
configure:15607: $? = 0
configure:15625: result: yes
configure:15657: checking whether <wchar.h> is standalone
configure:15672: gcc -c -g -O2  conftest.c >&5
configure:15678: $? = 0
configure:15693: result: yes
configure:15763: checking absolute name of <wctype.h>
configure:15787: result: ///usr/include/wctype.h
configure:15823: checking for stdint.h
configure:15829: result: yes
configure:15982: checking if stack overflow is detectable
configure:16020: gcc -o conftest -g -O2   conftest.c  >&5
configure:16026: $? = 0
configure:16045: result: yes
configure:16061: checking for rlim_t
configure:16093: gcc -c -g -O2  conftest.c >&5
configure:16099: $? = 0
configure:16114: result: yes
configure:16131: checking for stack_t
configure:16163: gcc -c -g -O2  conftest.c >&5
configure:16169: $? = 0
configure:16184: result: yes
configure:16201: checking for sigcontext
configure:16233: gcc -c -g -O2  conftest.c >&5
conftest.c:144:9: error: unknown type name 'sigcontext'
 typedef sigcontext ac__type_new_;
         ^~~~~~~~~~
configure:16239: $? = 1
configure: failed program was:
| /* confdefs.h.  */
| #define PACKAGE_NAME "GNU M4"
| #define PACKAGE_TARNAME "m4"
| #define PACKAGE_VERSION "1.4.9"
| #define PACKAGE_STRING "GNU M4 1.4.9"
| #define PACKAGE_BUGREPORT "bug-m4@gnu.org"
| #define PACKAGE "m4"
| #define VERSION "1.4.9"
| #define _GNU_SOURCE 1
| #define STDC_HEADERS 1
| #define HAVE_SYS_TYPES_H 1
| #define HAVE_SYS_STAT_H 1
| #define HAVE_STDLIB_H 1
| #define HAVE_STRING_H 1
| #define HAVE_MEMORY_H 1
| #define HAVE_STRINGS_H 1
| #define HAVE_INTTYPES_H 1
| #define HAVE_STDINT_H 1
| #define HAVE_UNISTD_H 1
| #define __EXTENSIONS__ 1
| #define _POSIX_PTHREAD_SEMANTICS 1
| #define _TANDEM_SOURCE 1
| #define HAVE_LIMITS_H 1
| #define HAVE_SYS_WAIT_H 1
| #define HAVE_UNISTD_H 1
| #define HAVE_STDIO_EXT_H 1
| #define HAVE_SYS_TIME_H 1
| #define HAVE_SYS_PARAM_H 1
| #define HAVE_LOCALE_H 1
| #define HAVE_STDINT_H 1
| #define HAVE_STDLIB_H 1
| #define HAVE_SYS_STAT_H 1
| #define HAVE_WCHAR_H 1
| #define HAVE_WCTYPE_H 1
| #define HAVE_SIGINFO_T 1
| #define HAVE_STRUCT_SIGACTION_SA_SIGACTION 1
| #define HAVE_STACK_T_SS_SP 1
| #define RETSIGTYPE void
| #define HAVE_SIGACTION 1
| #define HAVE_SIGALTSTACK 1
| #define HAVE_SIGSTACK 1
| #define HAVE_STRERROR 1
| #define HAVE_RAISE 1
| #define HAVE_GETTIMEOFDAY 1
| #define HAVE_MBSINIT 1
| #define HAVE_ISWCTYPE 1
| #define HAVE_MBRTOWC 1
| #define HAVE_WCRTOMB 1
| #define HAVE_WCSCOLL 1
| #define HAVE_LSTAT 1
| #define HAVE_PIPE 1
| #define HAVE_ISWCNTRL 1
| #define HAVE_LONG_LONG_INT 1
| #define HAVE_UNSIGNED_LONG_LONG_INT 1
| #define HAVE_ALLOCA_H 1
| #define HAVE_ALLOCA 1
| #define HAVE_STDLIB_H 1
| #define MALLOC_0_IS_NONNULL 1
| #define HAVE_LONG_DOUBLE 1
| #define HAVE_DECL_STRERROR_R 1
| #define HAVE_STRERROR_R 1
| #define STRERROR_R_CHAR_P 1
| #define HAVE_SIG_ATOMIC_T 1
| #define HAVE_GETOPT_H 1
| #define HAVE_GETOPT_LONG_ONLY 1
| #define HAVE_DECL_GETENV 1
| #define ABSOLUTE_SYS_TIME_H "///usr/include/x86_64-linux-gnu/sys/time.h"
| #define HAVE_LANGINFO_CODESET 1
| #define HAVE_DECL_GETC_UNLOCKED 1
| #define HAVE__BOOL 1
| #define HAVE_STDBOOL_H 1
| #define HAVE_DECL_CLEARERR_UNLOCKED 1
| #define HAVE_DECL_FEOF_UNLOCKED 1
| #define HAVE_DECL_FERROR_UNLOCKED 1
| #define HAVE_DECL_FFLUSH_UNLOCKED 1
| #define HAVE_DECL_FGETS_UNLOCKED 1
| #define HAVE_DECL_FPUTC_UNLOCKED 1
| #define HAVE_DECL_FPUTS_UNLOCKED 1
| #define HAVE_DECL_FREAD_UNLOCKED 1
| #define HAVE_DECL_FWRITE_UNLOCKED 1
| #define HAVE_DECL_GETCHAR_UNLOCKED 1
| #define HAVE_DECL_PUTC_UNLOCKED 1
| #define HAVE_DECL_PUTCHAR_UNLOCKED 1
| #define HAVE_WCHAR_T 1
| #define HAVE_WINT_T 1
| #define HAVE_INTTYPES_H_WITH_UINTMAX 1
| #define HAVE_STDINT_H_WITH_UINTMAX 1
| #define HAVE_LONG_LONG 1
| #define HAVE_INTMAX_T 1
| #define HAVE_ALLOCA 1
| #define HAVE_ALLOCA_H 1
| #define SIGNAL_SAFE_LIST 1
| #define GNULIB_CLOSE_STREAM 1
| #define HAVE_SIGACTION 1
| #define GNULIB_FOPEN_SAFER 1
| #define HAVE___FPENDING 1
| #define HAVE_DECL___FPENDING 1
| #define HAVE_INLINE 1
| #define HAVE_STDLIB_H 1
| #define HAVE_MALLOC 1
| #define HAVE_MKDTEMP 1
| #define HAVE_OBSTACK 1
| #define HAVE_MBSTATE_T 1
| #define HAVE_MBRTOWC 1
| #define _REGEX_LARGE_OFFSETS 1
| #define re_syntax_options rpl_re_syntax_options
| #define re_set_syntax rpl_re_set_syntax
| #define re_compile_pattern rpl_re_compile_pattern
| #define re_compile_fastmap rpl_re_compile_fastmap
| #define re_search rpl_re_search
| #define re_search_2 rpl_re_search_2
| #define re_match rpl_re_match
| #define re_match_2 rpl_re_match_2
| #define re_set_registers rpl_re_set_registers
| #define re_comp rpl_re_comp
| #define re_exec rpl_re_exec
| #define regcomp rpl_regcomp
| #define regexec rpl_regexec
| #define regerror rpl_regerror
| #define regfree rpl_regfree
| #define HAVE_DECL_ISBLANK 1
| #define HAVE_POSIX_SIGNALBLOCKING 1
| #define HAVE_STDINT_H 1
| #define ABSOLUTE_STDINT_H "///usr/lib/gcc/x86_64-linux-gnu/7/include/stdint.h"
| #define ABSOLUTE_STDLIB_H "///usr/include/stdlib.h"
| #define HAVE_STRTOL 1
| #define HAVE_DECL_MKDIR 1
| #define ABSOLUTE_SYS_STAT_H "///usr/include/x86_64-linux-gnu/sys/stat.h"
| #define ABSOLUTE_UNISTD_H "///usr/include/unistd.h"
| #define USE_UNLOCKED_IO 1
| #define HAVE_PTRDIFF_T 1
| #define HAVE_SNPRINTF 1
| #define HAVE_WCSLEN 1
| #define HAVE_VASPRINTF 1
| #define ABSOLUTE_WCTYPE_H "///usr/include/wctype.h"
| #define HAVE_STDINT_H 1
| #define USE_STACKOVF 1
| #define HAVE_RLIM_T 1
| #define HAVE_STACK_T 1
| /* end confdefs.h.  */
| #include <signal.h>
| 
| 
| typedef sigcontext ac__type_new_;
| int
| main ()
| {
| if ((ac__type_new_ *) 0)
|   return 0;
| if (sizeof (ac__type_new_))
|   return 0;
|   ;
|   return 0;
| }
configure:16254: result: no
configure:16267: checking if system() agrees with pclose()
configure:16346: gcc -o conftest -g -O2   conftest.c  >&5
configure:16349: $? = 0
configure:16355: ./conftest
configure:16358: $? = 0
configure:16374: result: yes
configure:16385: checking if changeword is wanted
configure:16402: result: no
configure:16407: checking if malloc debugging is wanted
configure:16427: result: no
configure:16583: creating ./config.status

## ---------------------- ##
## Running config.status. ##
## ---------------------- ##

This file was extended by GNU M4 config.status 1.4.9, which was
generated by GNU Autoconf 2.61.  Invocation command line was

  CONFIG_FILES    = 
  CONFIG_HEADERS  = 
  CONFIG_LINKS    = 
  CONFIG_COMMANDS = 
  $ ./config.status 

on ubuntu-Ravi

config.status:726: creating Makefile
config.status:726: creating doc/Makefile
config.status:726: creating lib/Makefile
config.status:726: creating src/Makefile
config.status:726: creating checks/Makefile
config.status:726: creating examples/Makefile
config.status:726: creating lib/config.h
config.status:1089: lib/config.h is unchanged
config.status:1135: executing depfiles commands
config.status:1135: executing stamp-h commands

## ---------------- ##
## Cache variables. ##
## ---------------- ##

M4_cv_func_system_consistent=yes
M4_cv_use_stackovf=yes
ac_cv_build=x86_64-unknown-linux-gnu
ac_cv_c_compiler_gnu=yes
ac_cv_c_inline=inline
ac_cv_c_restrict=restrict
ac_cv_decl_EOVERFLOW=yes
ac_cv_env_CC_set=
ac_cv_env_CC_value=
ac_cv_env_CFLAGS_set=
ac_cv_env_CFLAGS_value=
ac_cv_env_CPPFLAGS_set=
ac_cv_env_CPPFLAGS_value=
ac_cv_env_CPP_set=
ac_cv_env_CPP_value=
ac_cv_env_LDFLAGS_set=
ac_cv_env_LDFLAGS_value=
ac_cv_env_LIBS_set=
ac_cv_env_LIBS_value=
ac_cv_env_build_alias_set=
ac_cv_env_build_alias_value=
ac_cv_env_host_alias_set=
ac_cv_env_host_alias_value=
ac_cv_env_target_alias_set=
ac_cv_env_target_alias_value=
ac_cv_func___fpending=yes
ac_cv_func___secure_getenv=no
ac_cv_func_alloca_works=yes
ac_cv_func_getopt_long_only=yes
ac_cv_func_gettimeofday=yes
ac_cv_func_iswcntrl=yes
ac_cv_func_iswctype=yes
ac_cv_func_lstat=yes
ac_cv_func_malloc_0_nonnull=yes
ac_cv_func_mbrtowc=yes
ac_cv_func_mbsinit=yes
ac_cv_func_mkdtemp=yes
ac_cv_func_obstack=yes
ac_cv_func_pipe=yes
ac_cv_func_raise=yes
ac_cv_func_sigaction=yes
ac_cv_func_sigaltstack=yes
ac_cv_func_sigprocmask=yes
ac_cv_func_sigstack=yes
ac_cv_func_sigvec=no
ac_cv_func_snprintf=yes
ac_cv_func_strerror=yes
ac_cv_func_strerror_r=yes
ac_cv_func_strerror_r_char_p=yes
ac_cv_func_strtol=yes
ac_cv_func_vasnprintf=no
ac_cv_func_vasprintf=yes
ac_cv_func_wcrtomb=yes
ac_cv_func_wcscoll=yes
ac_cv_func_wcslen=yes
ac_cv_gnu_library_2_1=yes
ac_cv_have_decl___fpending=yes
ac_cv_have_decl_clearerr_unlocked=yes
ac_cv_have_decl_feof_unlocked=yes
ac_cv_have_decl_ferror_unlocked=yes
ac_cv_have_decl_fflush_unlocked=yes
ac_cv_have_decl_fgets_unlocked=yes
ac_cv_have_decl_fputc_unlocked=yes
ac_cv_have_decl_fputs_unlocked=yes
ac_cv_have_decl_fread_unlocked=yes
ac_cv_have_decl_fwrite_unlocked=yes
ac_cv_have_decl_getc_unlocked=yes
ac_cv_have_decl_getchar_unlocked=yes
ac_cv_have_decl_getenv=yes
ac_cv_have_decl_isblank=yes
ac_cv_have_decl_mkdir=yes
ac_cv_have_decl_optreset=no
ac_cv_have_decl_putc_unlocked=yes
ac_cv_have_decl_putchar_unlocked=yes
ac_cv_have_decl_strerror_r=yes
ac_cv_header_getopt_h=yes
ac_cv_header_inttypes_h=yes
ac_cv_header_limits_h=yes
ac_cv_header_locale_h=yes
ac_cv_header_memory_h=yes
ac_cv_header_minix_config_h=no
ac_cv_header_siginfo_h=no
ac_cv_header_stat_broken=no
ac_cv_header_stdbool_h=yes
ac_cv_header_stdc=yes
ac_cv_header_stdint_h=yes
ac_cv_header_stdio_ext_h=yes
ac_cv_header_stdlib_h=yes
ac_cv_header_string_h=yes
ac_cv_header_strings_h=yes
ac_cv_header_sys_param_h=yes
ac_cv_header_sys_stat_h=yes
ac_cv_header_sys_time_h=yes
ac_cv_header_sys_types_h=yes
ac_cv_header_sys_wait_h=yes
ac_cv_header_unistd_h=yes
ac_cv_header_wchar_h=yes
ac_cv_header_wctype_h=yes
ac_cv_host=x86_64-unknown-linux-gnu
ac_cv_lib_error_at_line=yes
ac_cv_member_stack_t_ss_sp=yes
ac_cv_member_struct_sigaction_sa_sigaction=yes
ac_cv_objext=o
ac_cv_path_EGREP='/bin/grep -E'
ac_cv_path_GREP=/bin/grep
ac_cv_path_install='/usr/bin/install -c'
ac_cv_path_mkdir=/bin/mkdir
ac_cv_prog_AWK=gawk
ac_cv_prog_CPP='gcc -E'
ac_cv_prog_ac_ct_CC=gcc
ac_cv_prog_ac_ct_RANLIB=ranlib
ac_cv_prog_cc_c89=
ac_cv_prog_cc_c99=
ac_cv_prog_cc_g=yes
ac_cv_prog_cc_stdc=
ac_cv_prog_make_make_set=yes
ac_cv_safe_to_define___extensions__=yes
ac_cv_sys_file_offset_bits=no
ac_cv_sys_largefile_CC=no
ac_cv_type__Bool=yes
ac_cv_type_long_long=yes
ac_cv_type_long_long_int=yes
ac_cv_type_mbstate_t=yes
ac_cv_type_ptrdiff_t=yes
ac_cv_type_rlim_t=yes
ac_cv_type_sig_atomic_t=yes
ac_cv_type_sigcontext=no
ac_cv_type_siginfo_t=yes
ac_cv_type_signal=void
ac_cv_type_size_t=yes
ac_cv_type_stack_t=yes
ac_cv_type_unsigned_long_long_int=yes
ac_cv_working_alloca_h=yes
am_cv_CC_dependencies_compiler_type=gcc3
am_cv_langinfo_codeset=yes
gl_cv_absolute_stdint_h=///usr/lib/gcc/x86_64-linux-gnu/7/include/stdint.h
gl_cv_absolute_stdlib_h=///usr/include/stdlib.h
gl_cv_absolute_sys_stat_h=///usr/include/x86_64-linux-gnu/sys/stat.h
gl_cv_absolute_sys_time_h=///usr/include/x86_64-linux-gnu/sys/time.h
gl_cv_absolute_unistd_h=///usr/include/unistd.h
gl_cv_absolute_wctype_h=///usr/include/wctype.h
gl_cv_c_inline_effective=yes
gl_cv_func_free=yes
gl_cv_func_gettimeofday_clobber=no
gl_cv_func_gettimeofday_posix_signature=yes
gl_cv_func_gnu_getopt=yes
gl_cv_func_malloc_0_nonnull=1
gl_cv_func_mbrtowc=yes
gl_cv_func_re_compile_pattern_working=no
gl_cv_func_sigprocmask=1
gl_cv_func_va_copy=yes
gl_cv_func_working_mkstemp=yes
gl_cv_header_inttypes_h=yes
gl_cv_header_stdint_h=yes
gl_cv_header_wchar_h_standalone=yes
gl_cv_header_working_stdint_h=yes
gl_cv_rpl_alloca=yes
gl_cv_size_max=yes
gl_cv_sys_struct_timeval=yes
gt_cv_c_intmax_t=yes
gt_cv_c_long_double=yes
gt_cv_c_wchar_t=yes
gt_cv_c_wint_t=yes
gt_cv_ssize_t=yes

## ----------------- ##
## Output variables. ##
## ----------------- ##

ABSOLUTE_STDINT_H='"///usr/lib/gcc/x86_64-linux-gnu/7/include/stdint.h"'
ABSOLUTE_STDLIB_H='"///usr/include/stdlib.h"'
ABSOLUTE_SYS_STAT_H='"///usr/include/x86_64-linux-gnu/sys/stat.h"'
ABSOLUTE_SYS_TIME_H='"///usr/include/x86_64-linux-gnu/sys/time.h"'
ABSOLUTE_UNISTD_H='"///usr/include/unistd.h"'
ABSOLUTE_WCHAR_H=''
ABSOLUTE_WCTYPE_H='"///usr/include/wctype.h"'
ACLOCAL='${SHELL} /home/ravik/UbuntuVM/Google/Git/network-programming/headers/m4-1.4.9/missing --run aclocal-1.10'
ALLOCA=''
ALLOCA_H='alloca.h'
AMDEPBACKSLASH='\'
AMDEP_FALSE='#'
AMDEP_TRUE=''
AMTAR='${SHELL} /home/ravik/UbuntuVM/Google/Git/network-programming/headers/m4-1.4.9/missing --run tar'
AUTOCONF='${SHELL} /home/ravik/UbuntuVM/Google/Git/network-programming/headers/m4-1.4.9/missing --run autoconf'
AUTOHEADER='${SHELL} /home/ravik/UbuntuVM/Google/Git/network-programming/headers/m4-1.4.9/missing --run autoheader'
AUTOMAKE='${SHELL} /home/ravik/UbuntuVM/Google/Git/network-programming/headers/m4-1.4.9/missing --run automake-1.10'
AWK='gawk'
BITSIZEOF_PTRDIFF_T=''
BITSIZEOF_SIG_ATOMIC_T=''
BITSIZEOF_SIZE_T=''
BITSIZEOF_WCHAR_T=''
BITSIZEOF_WINT_T=''
CC='gcc'
CCDEPMODE='depmode=gcc3'
CFLAGS='-g -O2'
CPP='gcc -E'
CPPFLAGS=''
CYGPATH_W='echo'
DEFS=''
DEPDIR='.deps'
ECHO_C=''
ECHO_N='-n'
ECHO_T=''
EGREP='/bin/grep -E'
EOVERFLOW=''
EXEEXT=''
GETOPT_H=''
GLIBC21='yes'
GL_COND_LIBTOOL_FALSE=''
GL_COND_LIBTOOL_TRUE='#'
GNULIB_CHOWN='0'
GNULIB_DUP2='0'
GNULIB_FCHDIR='0'
GNULIB_FTRUNCATE='0'
GNULIB_GETCWD='0'
GNULIB_GETLOGIN_R='0'
GNULIB_GETSUBOPT='0'
GNULIB_MKDTEMP='1'
GNULIB_MKSTEMP='1'
GNULIB_READLINK='0'
GREP='/bin/grep'
HAVE_DECL_GETLOGIN_R='1'
HAVE_DUP2='1'
HAVE_FTRUNCATE='1'
HAVE_GETSUBOPT='1'
HAVE_INTTYPES_H='1'
HAVE_LONG_LONG_INT='1'
HAVE_MKDTEMP='1'
HAVE_READLINK='1'
HAVE_SIGNED_SIG_ATOMIC_T=''
HAVE_SIGNED_WCHAR_T=''
HAVE_SIGNED_WINT_T=''
HAVE_STDINT_H='1'
HAVE_STRUCT_TIMEVAL='1'
HAVE_SYS_BITYPES_H=''
HAVE_SYS_INTTYPES_H=''
HAVE_SYS_TIME_H='1'
HAVE_SYS_TYPES_H='1'
HAVE_UNISTD_H='1'
HAVE_UNSIGNED_LONG_LONG_INT='1'
HAVE_WCTYPE_H='1'
HAVE_WINT_T='1'
HAVE__BOOL='1'
INSTALL_DATA='${INSTALL} -m 644'
INSTALL_PROGRAM='${INSTALL}'
INSTALL_SCRIPT='${INSTALL}'
INSTALL_STRIP_PROGRAM='$(install_sh) -c -s'
LDFLAGS=''
LIBM4_LIBDEPS=''
LIBM4_LTLIBDEPS=''
LIBOBJS=''
LIBS=''
LTLIBOBJS=''
M4_LIBOBJS=' asnprintf.o cloexec.o close-stream.o closeout.o dup-safer.o exitfail.o fd-safer.o fopen-safer.o mkstemp-safer.o pipe-safer.o printf-args.o printf-parse.o quotearg.o regex.o tempname.o vasnprintf.o xmalloc.o'
M4_LTLIBOBJS=' asnprintf.lo cloexec.lo close-stream.lo closeout.lo dup-safer.lo exitfail.lo fd-safer.lo fopen-safer.lo mkstemp-safer.lo pipe-safer.lo printf-args.lo printf-parse.lo quotearg.lo regex.lo tempname.lo vasnprintf.lo xmalloc.lo'
MAKEINFO='${SHELL} /home/ravik/UbuntuVM/Google/Git/network-programming/headers/m4-1.4.9/missing --run makeinfo'
OBJEXT='o'
PACKAGE='m4'
PACKAGE_BUGREPORT='bug-m4@gnu.org'
PACKAGE_NAME='GNU M4'
PACKAGE_STRING='GNU M4 1.4.9'
PACKAGE_TARNAME='m4'
PACKAGE_VERSION='1.4.9'
PATH_SEPARATOR=':'
PTRDIFF_T_SUFFIX=''
RANLIB='ranlib'
REPLACE_CHOWN='0'
REPLACE_FCHDIR='0'
REPLACE_GETCWD='0'
REPLACE_GETTIMEOFDAY='0'
REPLACE_MKSTEMP='0'
SET_MAKE=''
SHELL='/bin/bash'
SIG_ATOMIC_T_SUFFIX=''
SIZE_T_SUFFIX=''
STACKOVF_FALSE='#'
STACKOVF_TRUE=''
STDBOOL_H=''
STDINT_H=''
STRIP=''
SYS_STAT_H='sys/stat.h'
SYS_TIME_H=''
VERSION='1.4.9'
WCHAR_H=''
WCHAR_T_SUFFIX=''
WCTYPE_H=''
WINT_T_SUFFIX=''
ac_ct_CC='gcc'
am__fastdepCC_FALSE='#'
am__fastdepCC_TRUE=''
am__include='include'
am__isrc=''
am__leading_dot='.'
am__quote=''
am__tar='${AMTAR} chof - "$$tardir"'
am__untar='${AMTAR} xf -'
bindir='${exec_prefix}/bin'
build='x86_64-unknown-linux-gnu'
build_alias=''
build_cpu='x86_64'
build_os='linux-gnu'
build_vendor='unknown'
datadir='${datarootdir}'
datarootdir='${prefix}/share'
docdir='${datarootdir}/doc/${PACKAGE_TARNAME}'
dvidir='${docdir}'
exec_prefix='${prefix}'
host='x86_64-unknown-linux-gnu'
host_alias=''
host_cpu='x86_64'
host_os='linux-gnu'
host_vendor='unknown'
htmldir='${docdir}'
includedir='${prefix}/include'
infodir='${datarootdir}/info'
install_sh='$(SHELL) /home/ravik/UbuntuVM/Google/Git/network-programming/headers/m4-1.4.9/install-sh'
libdir='${exec_prefix}/lib'
libexecdir='${exec_prefix}/libexec'
localedir='${datarootdir}/locale'
localstatedir='${prefix}/var'
mandir='${datarootdir}/man'
mkdir_p='/bin/mkdir -p'
oldincludedir='/usr/include'
pdfdir='${docdir}'
prefix='/usr/local'
program_transform_name='s,x,x,'
psdir='${docdir}'
sbindir='${exec_prefix}/sbin'
sharedstatedir='${prefix}/com'
sysconfdir='${prefix}/etc'
target_alias=''

## ----------- ##
## confdefs.h. ##
## ----------- ##

#define PACKAGE_NAME "GNU M4"
#define PACKAGE_TARNAME "m4"
#define PACKAGE_VERSION "1.4.9"
#define PACKAGE_STRING "GNU M4 1.4.9"
#define PACKAGE_BUGREPORT "bug-m4@gnu.org"
#define PACKAGE "m4"
#define VERSION "1.4.9"
#define _GNU_SOURCE 1
#define STDC_HEADERS 1
#define HAVE_SYS_TYPES_H 1
#define HAVE_SYS_STAT_H 1
#define HAVE_STDLIB_H 1
#define HAVE_STRING_H 1
#define HAVE_MEMORY_H 1
#define HAVE_STRINGS_H 1
#define HAVE_INTTYPES_H 1
#define HAVE_STDINT_H 1
#define HAVE_UNISTD_H 1
#define __EXTENSIONS__ 1
#define _POSIX_PTHREAD_SEMANTICS 1
#define _TANDEM_SOURCE 1
#define HAVE_LIMITS_H 1
#define HAVE_SYS_WAIT_H 1
#define HAVE_UNISTD_H 1
#define HAVE_STDIO_EXT_H 1
#define HAVE_SYS_TIME_H 1
#define HAVE_SYS_PARAM_H 1
#define HAVE_LOCALE_H 1
#define HAVE_STDINT_H 1
#define HAVE_STDLIB_H 1
#define HAVE_SYS_STAT_H 1
#define HAVE_WCHAR_H 1
#define HAVE_WCTYPE_H 1
#define HAVE_SIGINFO_T 1
#define HAVE_STRUCT_SIGACTION_SA_SIGACTION 1
#define HAVE_STACK_T_SS_SP 1
#define RETSIGTYPE void
#define HAVE_SIGACTION 1
#define HAVE_SIGALTSTACK 1
#define HAVE_SIGSTACK 1
#define HAVE_STRERROR 1
#define HAVE_RAISE 1
#define HAVE_GETTIMEOFDAY 1
#define HAVE_MBSINIT 1
#define HAVE_ISWCTYPE 1
#define HAVE_MBRTOWC 1
#define HAVE_WCRTOMB 1
#define HAVE_WCSCOLL 1
#define HAVE_LSTAT 1
#define HAVE_PIPE 1
#define HAVE_ISWCNTRL 1
#define HAVE_LONG_LONG_INT 1
#define HAVE_UNSIGNED_LONG_LONG_INT 1
#define HAVE_ALLOCA_H 1
#define HAVE_ALLOCA 1
#define HAVE_STDLIB_H 1
#define MALLOC_0_IS_NONNULL 1
#define HAVE_LONG_DOUBLE 1
#define HAVE_DECL_STRERROR_R 1
#define HAVE_STRERROR_R 1
#define STRERROR_R_CHAR_P 1
#define HAVE_SIG_ATOMIC_T 1
#define HAVE_GETOPT_H 1
#define HAVE_GETOPT_LONG_ONLY 1
#define HAVE_DECL_GETENV 1
#define ABSOLUTE_SYS_TIME_H "///usr/include/x86_64-linux-gnu/sys/time.h"
#define HAVE_LANGINFO_CODESET 1
#define HAVE_DECL_GETC_UNLOCKED 1
#define HAVE__BOOL 1
#define HAVE_STDBOOL_H 1
#define HAVE_DECL_CLEARERR_UNLOCKED 1
#define HAVE_DECL_FEOF_UNLOCKED 1
#define HAVE_DECL_FERROR_UNLOCKED 1
#define HAVE_DECL_FFLUSH_UNLOCKED 1
#define HAVE_DECL_FGETS_UNLOCKED 1
#define HAVE_DECL_FPUTC_UNLOCKED 1
#define HAVE_DECL_FPUTS_UNLOCKED 1
#define HAVE_DECL_FREAD_UNLOCKED 1
#define HAVE_DECL_FWRITE_UNLOCKED 1
#define HAVE_DECL_GETCHAR_UNLOCKED 1
#define HAVE_DECL_PUTC_UNLOCKED 1
#define HAVE_DECL_PUTCHAR_UNLOCKED 1
#define HAVE_WCHAR_T 1
#define HAVE_WINT_T 1
#define HAVE_INTTYPES_H_WITH_UINTMAX 1
#define HAVE_STDINT_H_WITH_UINTMAX 1
#define HAVE_LONG_LONG 1
#define HAVE_INTMAX_T 1
#define HAVE_ALLOCA 1
#define HAVE_ALLOCA_H 1
#define SIGNAL_SAFE_LIST 1
#define GNULIB_CLOSE_STREAM 1
#define HAVE_SIGACTION 1
#define GNULIB_FOPEN_SAFER 1
#define HAVE___FPENDING 1
#define HAVE_DECL___FPENDING 1
#define HAVE_INLINE 1
#define HAVE_STDLIB_H 1
#define HAVE_MALLOC 1
#define HAVE_MKDTEMP 1
#define HAVE_OBSTACK 1
#define HAVE_MBSTATE_T 1
#define HAVE_MBRTOWC 1
#define _REGEX_LARGE_OFFSETS 1
#define re_syntax_options rpl_re_syntax_options
#define re_set_syntax rpl_re_set_syntax
#define re_compile_pattern rpl_re_compile_pattern
#define re_compile_fastmap rpl_re_compile_fastmap
#define re_search rpl_re_search
#define re_search_2 rpl_re_search_2
#define re_match rpl_re_match
#define re_match_2 rpl_re_match_2
#define re_set_registers rpl_re_set_registers
#define re_comp rpl_re_comp
#define re_exec rpl_re_exec
#define regcomp rpl_regcomp
#define regexec rpl_regexec
#define regerror rpl_regerror
#define regfree rpl_regfree
#define HAVE_DECL_ISBLANK 1
#define HAVE_POSIX_SIGNALBLOCKING 1
#define HAVE_STDINT_H 1
#define ABSOLUTE_STDINT_H "///usr/lib/gcc/x86_64-linux-gnu/7/include/stdint.h"
#define ABSOLUTE_STDLIB_H "///usr/include/stdlib.h"
#define HAVE_STRTOL 1
#define HAVE_DECL_MKDIR 1
#define ABSOLUTE_SYS_STAT_H "///usr/include/x86_64-linux-gnu/sys/stat.h"
#define ABSOLUTE_UNISTD_H "///usr/include/unistd.h"
#define USE_UNLOCKED_IO 1
#define HAVE_PTRDIFF_T 1
#define HAVE_SNPRINTF 1
#define HAVE_WCSLEN 1
#define HAVE_VASPRINTF 1
#define ABSOLUTE_WCTYPE_H "///usr/include/wctype.h"
#define HAVE_STDINT_H 1
#define USE_STACKOVF 1
#define HAVE_RLIM_T 1
#define HAVE_STACK_T 1

configure: exit 0
